<?xml version="1.0" encoding="UTF-8"?>
<testng-results ignored="0" total="1" passed="1" failed="0" skipped="0">
  <reporter-output>
  </reporter-output>
  <suite started-at="2021-09-17T16:22:09 WIB" name="Default suite" finished-at="2021-09-17T16:22:25 WIB" duration-ms="16855">
    <groups>
    </groups>
    <test started-at="2021-09-17T16:22:09 WIB" name="Default test" finished-at="2021-09-17T16:22:25 WIB" duration-ms="16855">
      <class name="testScript.MainTest">
        <test-method is-config="true" signature="setup()[pri:0, instance:testScript.MainTest@505fc5a4]" started-at="2021-09-17T16:22:09 WIB" name="setup" finished-at="2021-09-17T16:22:18 WIB" duration-ms="9029" status="PASS">
          <reporter-output>
          </reporter-output>
        </test-method> <!-- setup -->
        <test-method signature="createUser()[pri:1, instance:testScript.MainTest@505fc5a4]" started-at="2021-09-17T16:22:18 WIB" name="createUser" finished-at="2021-09-17T16:22:25 WIB" duration-ms="7800" status="PASS">
          <reporter-output>
          </reporter-output>
        </test-method> <!-- createUser -->
      </class> <!-- testScript.MainTest -->
    </test> <!-- Default test -->
  </suite> <!-- Default suite -->
</testng-results>
